<?xml version="1.0" encoding="UTF-8"?>
<!-- Generated by org.testng.reporters.JUnitReportReporter -->
<testsuite hostname="dell" name="com.selenium.AddCookieInSelenium" tests="1" failures="0" timestamp="2 Aug 2019 12:12:56 GMT" time="55.175" errors="0">
  <testcase name="AddCookie" time="55.175" classname="com.selenium.AddCookieInSelenium"/>
</testsuite> <!-- com.selenium.AddCookieInSelenium -->
