<?xml version="1.0" encoding="UTF-8"?>
<!-- Generated by org.testng.reporters.JUnitReportReporter -->
<testsuite hostname="dell" name="com.selenium.KeyboardAndMouseEventInSelenium1" tests="1" failures="0" timestamp="15 Aug 2019 16:37:38 GMT" time="30.283" errors="0">
  <testcase name="KeyboardAndMouseEvent" time="30.283" classname="com.selenium.KeyboardAndMouseEventInSelenium1"/>
</testsuite> <!-- com.selenium.KeyboardAndMouseEventInSelenium1 -->
