<?xml version="1.0" encoding="UTF-8"?>
<!-- Generated by org.testng.reporters.JUnitReportReporter -->
<testsuite hostname="dell" name="com.selenium.GettingAllElementsInTheWebTable" tests="1" failures="0" timestamp="25 Jul 2019 12:58:10 GMT" time="125.682" errors="0">
  <testcase name="AllElementsFromWebTable" time="125.682" classname="com.selenium.GettingAllElementsInTheWebTable"/>
</testsuite> <!-- com.selenium.GettingAllElementsInTheWebTable -->
