<?xml version="1.0" encoding="UTF-8"?>
<!-- Generated by org.testng.reporters.JUnitReportReporter -->
<testsuite hostname="dell" name="com.selenium.ExtentReport" tests="2" failures="0" timestamp="20 Aug 2019 15:24:54 GMT" time="0.305" errors="0">
  <testcase name="testLogin" time="0.044" classname="com.selenium.ExtentReport"/>
  <testcase name="testLogout" time="0.261" classname="com.selenium.ExtentReport"/>
</testsuite> <!-- com.selenium.ExtentReport -->
