<?xml version="1.0" encoding="UTF-8"?>
<!-- Generated by org.testng.reporters.JUnitReportReporter -->
<testsuite hostname="dell" name="com.selenium.Example1" tests="1" failures="0" timestamp="15 Jul 2019 17:58:15 GMT" time="22.998" errors="0">
  <testcase name="enterDateInTextField" time="22.998" classname="com.selenium.Example1"/>
</testsuite> <!-- com.selenium.Example1 -->
