<?xml version="1.0" encoding="UTF-8"?>
<!-- Generated by org.testng.reporters.JUnitReportReporter -->
<testsuite hostname="dell" name="com.selenium.Example9" tests="1" failures="0" timestamp="17 Jul 2019 12:11:18 GMT" time="44.054" errors="0">
  <testcase name="Exampleee" time="44.054" classname="com.selenium.Example9"/>
</testsuite> <!-- com.selenium.Example9 -->
