<?xml version="1.0" encoding="UTF-8"?>
<!-- Generated by org.testng.reporters.JUnitReportReporter -->
<testsuite hostname="dell" name="com.selenium.KeyboardAndMouseEventInSelenium2" tests="1" failures="0" timestamp="15 Aug 2019 16:14:44 GMT" time="50.950" errors="0">
  <testcase name="KeyboardAndMouseEvent" time="50.950" classname="com.selenium.KeyboardAndMouseEventInSelenium2"/>
</testsuite> <!-- com.selenium.KeyboardAndMouseEventInSelenium2 -->
