<?xml version="1.0" encoding="UTF-8"?>
<!-- Generated by org.testng.reporters.JUnitReportReporter -->
<testsuite hostname="dell" name="com.selenium.LoggerTest" tests="1" failures="0" timestamp="20 Aug 2019 13:27:23 GMT" time="0.023" errors="0">
  <testcase name="testLogger" time="0.023" classname="com.selenium.LoggerTest"/>
</testsuite> <!-- com.selenium.LoggerTest -->
