<?xml version="1.0" encoding="UTF-8"?>
<!-- Generated by org.testng.reporters.JUnitReportReporter -->
<testsuite hostname="dell" name="com.selenium.javascript.ScrollInSelenium" tests="1" failures="0" timestamp="31 Jul 2019 14:14:03 GMT" time="56.078" errors="0">
  <testcase name="Scroll" time="56.078" classname="com.selenium.javascript.ScrollInSelenium"/>
</testsuite> <!-- com.selenium.javascript.ScrollInSelenium -->
