<?xml version="1.0" encoding="UTF-8"?>
<!-- Generated by org.testng.reporters.JUnitReportReporter -->
<testsuite hostname="dell" name="com.selenium.Example6" tests="1" failures="0" timestamp="17 Jul 2019 09:46:37 GMT" time="25.648" errors="0">
  <testcase name="Exampleee" time="25.648" classname="com.selenium.Example6"/>
</testsuite> <!-- com.selenium.Example6 -->
