<?xml version="1.0" encoding="UTF-8"?>
<!-- Generated by org.testng.reporters.JUnitReportReporter -->
<testsuite hostname="dell" name="com.selenium.KeyboardAndMouseEventInSelenium3" tests="1" failures="0" timestamp="15 Aug 2019 13:36:24 GMT" time="33.793" errors="0">
  <testcase name="KeyboardAndMouseEvent" time="33.793" classname="com.selenium.KeyboardAndMouseEventInSelenium3"/>
</testsuite> <!-- com.selenium.KeyboardAndMouseEventInSelenium3 -->
