<?xml version="1.0" encoding="UTF-8"?>
<!-- Generated by org.testng.reporters.JUnitReportReporter -->
<testsuite hostname="dell" name="com.selenium.HowToVerifyIfcheckboxIscCheckedOrNot" tests="1" failures="0" timestamp="31 Jul 2019 11:15:13 GMT" time="29.074" errors="0">
  <testcase name="CheckBox" time="29.074" classname="com.selenium.HowToVerifyIfcheckboxIscCheckedOrNot"/>
</testsuite> <!-- com.selenium.HowToVerifyIfcheckboxIscCheckedOrNot -->
