<?xml version="1.0" encoding="UTF-8"?>
<!-- Generated by org.testng.reporters.JUnitReportReporter -->
<testsuite hostname="dell" name="com.selenium.Example5" tests="1" failures="0" timestamp="16 Jul 2019 12:05:00 GMT" time="30.529" errors="0">
  <testcase name="Exampleee" time="30.529" classname="com.selenium.Example5"/>
</testsuite> <!-- com.selenium.Example5 -->
