<?xml version="1.0" encoding="UTF-8"?>
<!-- Generated by org.testng.reporters.JUnitReportReporter -->
<testsuite hostname="dell" name="com.selenium.VerifyRadioButtonIsChecked" tests="1" failures="0" timestamp="15 Aug 2019 11:46:43 GMT" time="28.679" errors="0">
  <testcase name="RadioButton" time="28.679" classname="com.selenium.VerifyRadioButtonIsChecked"/>
</testsuite> <!-- com.selenium.VerifyRadioButtonIsChecked -->
