<?xml version="1.0" encoding="UTF-8"?>
<!-- Generated by org.testng.reporters.JUnitReportReporter -->
<testsuite hostname="dell" name="com.selenium.CheckBoxInSelenium" tests="1" failures="0" timestamp="30 Jul 2019 12:56:52 GMT" time="47.010" errors="0">
  <testcase name="CheckBox" time="47.010" classname="com.selenium.CheckBoxInSelenium"/>
</testsuite> <!-- com.selenium.CheckBoxInSelenium -->
