<?xml version="1.0" encoding="UTF-8"?>
<!-- Generated by org.testng.reporters.JUnitReportReporter -->
<testsuite hostname="dell" name="com.selenium.Example4" tests="1" failures="0" timestamp="16 Jul 2019 11:52:53 GMT" time="21.635" errors="0">
  <testcase name="Example4" time="21.635" classname="com.selenium.Example4"/>
</testsuite> <!-- com.selenium.Example4 -->
