<?xml version="1.0" encoding="UTF-8"?>
<!-- Generated by org.testng.reporters.JUnitReportReporter -->
<testsuite hostname="dell" name="com.selenium.GettingAllLinks" tests="1" failures="0" timestamp="28 Jul 2019 10:21:39 GMT" time="95.238" errors="0">
  <testcase name="AllLinks" time="95.238" classname="com.selenium.GettingAllLinks"/>
</testsuite> <!-- com.selenium.GettingAllLinks -->
