<?xml version="1.0" encoding="UTF-8"?>
<!-- Generated by org.testng.reporters.JUnitReportReporter -->
<testsuite hostname="dell" name="GettingAllElementsInTheWebTable" tests="1" failures="0" timestamp="25 Jul 2019 11:26:27 GMT" time="76.199" errors="0">
  <testcase name="AllElementsFromWebTable" time="76.199" classname="GettingAllElementsInTheWebTable"/>
</testsuite> <!-- GettingAllElementsInTheWebTable -->
