<?xml version="1.0" encoding="UTF-8"?>
<!-- Generated by org.testng.reporters.JUnitReportReporter -->
<testsuite hostname="dell" name="GettingMaxValueFromDynamicWebTable" tests="1" failures="0" timestamp="25 Jul 2019 11:07:04 GMT" time="94.539" errors="0">
  <testcase name="MaxValue" time="94.539" classname="GettingMaxValueFromDynamicWebTable"/>
</testsuite> <!-- GettingMaxValueFromDynamicWebTable -->
