<?xml version="1.0" encoding="UTF-8"?>
<!-- Generated by org.testng.reporters.JUnitReportReporter -->
<testsuite hostname="dell" name="com.selenium.KeyboardAndMouseEventInSeleniumLecture2" tests="1" failures="0" timestamp="15 Aug 2019 16:12:19 GMT" time="41.487" errors="0">
  <testcase name="KeyboardAndMouseEvent" time="41.487" classname="com.selenium.KeyboardAndMouseEventInSeleniumLecture2"/>
</testsuite> <!-- com.selenium.KeyboardAndMouseEventInSeleniumLecture2 -->
