<?xml version="1.0" encoding="UTF-8"?>
<!-- Generated by org.testng.reporters.JUnitReportReporter -->
<testsuite hostname="dell" name="com.selenium.Example3" tests="1" failures="0" timestamp="16 Jul 2019 11:17:56 GMT" time="16.910" errors="0">
  <testcase name="enterText" time="16.910" classname="com.selenium.Example3"/>
</testsuite> <!-- com.selenium.Example3 -->
